2025-12-19 19:14:42 - User: juanachoelmacho93@gmail.com | ID: 2 | Total Premium 0: Array
(
    [0] => Array
        (
            [total] => 4
        )

)

2025-12-19 19:44:22 - User: juanachoelmacho93@gmail.com | ID: 2 | Total Premium 0: Array
(
    [0] => Array
        (
            [total] => 4
        )

)

2025-12-19 19:44:39 - User: juanachoelmacho93@gmail.com | ID: 2 | Total Premium 0: Array
(
    [0] => Array
        (
            [total] => 4
        )

)

2025-12-21 00:27:19 - User: juanachoelmacho93@gmail.com | ID: 2 | Total Premium 0: Array
(
    [0] => Array
        (
            [total] => 4
        )

)

2025-12-21 00:32:45 - User: juanignaciosuarez123456@gmail.com | ID: 13 | Total Premium 0: Array
(
    [0] => Array
        (
            [total] => 1
        )

)

2025-12-21 00:34:08 - User: juanachoelmacho93@gmail.com | ID: 2 | Total Premium 0: Array
(
    [0] => Array
        (
            [total] => 4
        )

)

2025-12-21 00:36:46 - User: juanignaciosuarez123456@gmail.com | ID: 13 | Total Premium 0: Array
(
    [0] => Array
        (
            [total] => 1
        )

)

2025-12-21 00:38:29 - User: juanignaciosuarez123456@gmail.com | ID: 13 | Total Premium 0: Array
(
    [0] => Array
        (
            [total] => 0
        )

)

2025-12-22 18:12:07 - User: juanachoelmacho93@gmail.com | ID: 2 | Total Premium 0: Array
(
    [0] => Array
        (
            [total] => 4
        )

)

